[INFO ] 2019-12-22 19:56:47.152 [main] EdurekaHome - switching to child window
[INFO ] 2019-12-22 19:56:47.180 [main] EdurekaHome - no alert p
[INFO ] 2019-12-22 20:04:46.501 [main] EdurekaHome - switching to child window
[INFO ] 2019-12-22 20:04:46.532 [main] EdurekaHome - no alert p
[INFO ] 2019-12-22 20:04:46.572 [main] EdurekaHome - switching to iframe
[INFO ] 2019-12-22 20:11:59.783 [main] EdurekaHome - switching to child window
[INFO ] 2019-12-22 20:11:59.811 [main] EdurekaHome - no alert p
[INFO ] 2019-12-22 20:11:59.864 [main] EdurekaHome - switching to iframe
[INFO ] 2019-12-22 20:13:34.510 [main] EdurekaHome - switching to child window
[INFO ] 2019-12-22 20:13:34.556 [main] EdurekaHome - no alert p
[INFO ] 2019-12-22 20:13:34.885 [main] EdurekaHome - switching to iframe
[INFO ] 2019-12-24 18:23:36.645 [main] EdurekaHome - switching to child window
[INFO ] 2019-12-24 18:23:36.896 [main] EdurekaHome - no alert 
[INFO ] 2019-12-24 18:23:37.001 [main] EdurekaHome - switching to iframe
[INFO ] 2019-12-24 18:28:44.350 [main] EdurekaHome - switching to child window
[INFO ] 2019-12-24 18:28:44.609 [main] EdurekaHome - no alert 
[INFO ] 2019-12-24 18:28:44.696 [main] EdurekaHome - switching to iframe
[INFO ] 2019-12-24 18:31:35.111 [main] EdurekaHome - switching to child window
[INFO ] 2019-12-24 18:31:35.346 [main] EdurekaHome - no alert 
[INFO ] 2019-12-24 18:31:35.424 [main] EdurekaHome - switching to iframe
[INFO ] 2019-12-25 14:08:22.964 [main] EdurekaHome - clicked on my profile name  
[INFO ] 2019-12-25 14:08:25.545 [main] EdurekaHome - selected My Profile
[INFO ] 2019-12-25 19:28:23.771 [main] EdurekaHome - edureka123
[INFO ] 2019-12-25 19:28:24.039 [main] EdurekaHome - seleniumtester2019@outlook.com
[INFO ] 2019-12-25 19:28:30.414 [main] EdurekaHome - clicked on my profile name  
[INFO ] 2019-12-25 19:28:32.873 [main] EdurekaHome - selected My Profile
[INFO ] 2019-12-25 19:36:26.639 [main] EdurekaHome - edureka123
[INFO ] 2019-12-25 19:36:27.094 [main] EdurekaHome - seleniumtester2019@outlook.com
[INFO ] 2019-12-25 19:36:27.848 [main] EdurekaHome - Click on community menu
[INFO ] 2019-12-25 19:36:35.056 [main] EdurekaHome - Click on Blogs menu
[INFO ] 2019-12-25 19:39:53.578 [main] EdurekaHome - edureka123
[INFO ] 2019-12-25 19:39:53.931 [main] EdurekaHome - seleniumtester2019@outlook.com
[INFO ] 2019-12-25 19:39:55.082 [main] EdurekaHome - Click on community menu
[INFO ] 2019-12-25 19:40:35.222 [main] EdurekaHome - edureka123
[INFO ] 2019-12-25 19:40:35.490 [main] EdurekaHome - seleniumtester2019@outlook.com
[INFO ] 2019-12-25 19:40:36.028 [main] EdurekaHome - Click on community menu
[INFO ] 2019-12-25 19:40:42.384 [main] EdurekaHome - Click on Blogs menu
[INFO ] 2019-12-25 19:43:50.618 [main] EdurekaHome - edureka123
[INFO ] 2019-12-25 19:43:50.923 [main] EdurekaHome - seleniumtester2019@outlook.com
[INFO ] 2019-12-25 19:45:32.277 [main] EdurekaHome - edureka123
[INFO ] 2019-12-25 19:45:32.559 [main] EdurekaHome - seleniumtester2019@outlook.com
[INFO ] 2019-12-25 19:45:43.435 [main] EdurekaHome - Click on community menu
[INFO ] 2019-12-25 19:45:44.092 [main] EdurekaHome - Click on Blogs menu
[INFO ] 2019-12-25 19:45:44.093 [main] EdurekaHome - waiting for page to load
[INFO ] 2019-12-25 19:47:57.235 [main] EdurekaHome - edureka123
[INFO ] 2019-12-25 19:47:57.463 [main] EdurekaHome - seleniumtester2019@outlook.com
[INFO ] 2019-12-25 19:48:29.491 [main] EdurekaHome - edureka123
[INFO ] 2019-12-25 19:48:29.697 [main] EdurekaHome - seleniumtester2019@outlook.com
[INFO ] 2019-12-25 19:48:35.921 [main] EdurekaHome - Click on community menu
[INFO ] 2019-12-25 19:48:36.402 [main] EdurekaHome - Click on Blogs menu
[INFO ] 2019-12-25 19:48:36.403 [main] EdurekaHome - waiting for page to load
[INFO ] 2019-12-25 19:48:46.519 [main] EdurekaHome - exception encountered while switching to window
[INFO ] 2019-12-25 19:50:34.984 [main] EdurekaHome - edureka123
[INFO ] 2019-12-25 19:50:35.222 [main] EdurekaHome - seleniumtester2019@outlook.com
[INFO ] 2019-12-25 19:50:59.815 [main] EdurekaHome - edureka123
[INFO ] 2019-12-25 19:51:00.042 [main] EdurekaHome - seleniumtester2019@outlook.com
[INFO ] 2019-12-25 19:51:05.709 [main] EdurekaHome - Click on community menu
[INFO ] 2019-12-25 19:51:06.260 [main] EdurekaHome - Click on Blogs menu
[INFO ] 2019-12-25 19:51:06.261 [main] EdurekaHome - waiting for page to load
[INFO ] 2019-12-25 19:51:06.553 [main] EdurekaHome - switching to iframe
[INFO ] 2019-12-25 19:56:35.029 [main] EdurekaHome - edureka123
[INFO ] 2019-12-25 19:56:35.277 [main] EdurekaHome - seleniumtester2019@outlook.com
[INFO ] 2019-12-25 19:56:41.250 [main] EdurekaHome - Click on community menu
[INFO ] 2019-12-25 19:59:08.414 [main] EdurekaHome - edureka123
[INFO ] 2019-12-25 19:59:08.685 [main] EdurekaHome - seleniumtester2019@outlook.com
[INFO ] 2019-12-25 19:59:14.843 [main] EdurekaHome - Click on community menu
[INFO ] 2019-12-25 19:59:15.198 [main] EdurekaHome - Click on Blogs menu
[INFO ] 2019-12-25 19:59:15.198 [main] EdurekaHome - going to check if this is a alert
[INFO ] 2019-12-25 21:58:44.236 [main] EdurekaHome - edureka123
[INFO ] 2019-12-25 21:58:44.521 [main] EdurekaHome - seleniumtester2019@outlook.com
[INFO ] 2019-12-25 21:58:50.937 [main] EdurekaHome - clicked on my profile name  
[INFO ] 2019-12-25 21:58:54.257 [main] EdurekaHome - selected My Profile
[INFO ] 2019-12-25 22:17:36.466 [main] EdurekaHome - edureka123
[INFO ] 2019-12-25 22:17:36.706 [main] EdurekaHome - seleniumtester2019@outlook.com
[INFO ] 2019-12-25 22:17:44.462 [main] EdurekaHome - clicked on my profile name  
[INFO ] 2019-12-25 22:17:48.185 [main] EdurekaHome - selected My Profile
[INFO ] 2019-12-25 22:19:46.908 [main] EdurekaHome - edureka123
[INFO ] 2019-12-25 22:19:47.219 [main] EdurekaHome - seleniumtester2019@outlook.com
[INFO ] 2019-12-25 22:20:14.521 [main] EdurekaHome - edureka123
[INFO ] 2019-12-25 22:20:14.855 [main] EdurekaHome - seleniumtester2019@outlook.com
[INFO ] 2019-12-25 22:20:40.632 [main] EdurekaHome - edureka123
[INFO ] 2019-12-25 22:20:40.909 [main] EdurekaHome - seleniumtester2019@outlook.com
[INFO ] 2019-12-25 22:21:06.551 [main] EdurekaHome - edureka123
[INFO ] 2019-12-25 22:21:06.781 [main] EdurekaHome - seleniumtester2019@outlook.com
[INFO ] 2019-12-25 22:21:13.283 [main] EdurekaHome - clicked on my profile name  
[INFO ] 2019-12-25 22:21:17.181 [main] EdurekaHome - selected My Profile
[INFO ] 2019-12-25 22:21:17.454 [main] EdurekaHome - clicked 'Edit profile' button
[INFO ] 2019-12-25 22:24:44.902 [main] EdurekaHome - edureka123
[INFO ] 2019-12-25 22:24:45.147 [main] EdurekaHome - seleniumtester2019@outlook.com
[INFO ] 2019-12-25 22:24:51.384 [main] EdurekaHome - clicked on my profile name  
[INFO ] 2019-12-25 22:24:55.124 [main] EdurekaHome - selected My Profile
[INFO ] 2019-12-25 22:24:55.375 [main] EdurekaHome - clicked 'Edit profile' button
[INFO ] 2019-12-25 22:27:22.179 [main] EdurekaHome - edureka123
[INFO ] 2019-12-25 22:27:22.435 [main] EdurekaHome - seleniumtester2019@outlook.com
[INFO ] 2019-12-25 22:27:47.906 [main] EdurekaHome - edureka123
[INFO ] 2019-12-25 22:27:48.156 [main] EdurekaHome - seleniumtester2019@outlook.com
[INFO ] 2019-12-25 22:27:55.558 [main] EdurekaHome - clicked on my profile name  
[INFO ] 2019-12-25 22:28:00.279 [main] EdurekaHome - selected My Profile
[INFO ] 2019-12-25 22:28:00.540 [main] EdurekaHome - clicked 'Edit profile' button
[INFO ] 2019-12-25 22:32:51.107 [main] EdurekaHome - edureka123
[INFO ] 2019-12-25 22:32:51.405 [main] EdurekaHome - seleniumtester2019@outlook.com
[INFO ] 2019-12-25 22:33:16.517 [main] EdurekaHome - edureka123
[INFO ] 2019-12-25 22:33:16.806 [main] EdurekaHome - seleniumtester2019@outlook.com
[INFO ] 2019-12-25 22:33:23.753 [main] EdurekaHome - clicked on my profile name  
[INFO ] 2019-12-25 22:33:24.761 [main] EdurekaHome - selected My Profile
[INFO ] 2019-12-25 22:33:27.022 [main] EdurekaHome - clicked 'Edit profile' button
[INFO ] 2019-12-25 22:34:12.080 [main] EdurekaHome - edureka123
[INFO ] 2019-12-25 22:34:12.390 [main] EdurekaHome - seleniumtester2019@outlook.com
[INFO ] 2019-12-25 22:34:47.607 [main] EdurekaHome - edureka123
[INFO ] 2019-12-25 22:34:47.837 [main] EdurekaHome - seleniumtester2019@outlook.com
[INFO ] 2019-12-25 22:34:57.115 [main] EdurekaHome - clicked on my profile name  
[INFO ] 2019-12-25 22:35:01.992 [main] EdurekaHome - selected My Profile
[INFO ] 2019-12-25 22:35:02.228 [main] EdurekaHome - clicked 'Edit profile' button
[INFO ] 2019-12-25 22:59:40.105 [main] EdurekaHome - edureka123
[INFO ] 2019-12-25 22:59:40.354 [main] EdurekaHome - seleniumtester2019@outlook.com
[INFO ] 2019-12-25 23:00:13.143 [main] EdurekaHome - edureka123
[INFO ] 2019-12-25 23:00:13.414 [main] EdurekaHome - seleniumtester2019@outlook.com
[INFO ] 2019-12-25 23:00:21.294 [main] EdurekaHome - clicked on my profile name  
[INFO ] 2019-12-25 23:00:25.379 [main] EdurekaHome - selected My Profile
[INFO ] 2019-12-25 23:00:25.623 [main] EdurekaHome - clicked 'Edit profile' button
[INFO ] 2019-12-25 23:04:07.478 [main] EdurekaHome - edureka123
[INFO ] 2019-12-25 23:04:07.725 [main] EdurekaHome - seleniumtester2019@outlook.com
[INFO ] 2019-12-25 23:05:13.973 [main] EdurekaHome - edureka123
[INFO ] 2019-12-25 23:05:14.277 [main] EdurekaHome - seleniumtester2019@outlook.com
[INFO ] 2019-12-25 23:05:21.332 [main] EdurekaHome - clicked on my profile name  
[INFO ] 2019-12-25 23:05:25.852 [main] EdurekaHome - selected My Profile
[INFO ] 2019-12-25 23:05:26.075 [main] EdurekaHome - clicked 'Edit profile' button
[INFO ] 2019-12-25 23:07:07.476 [main] EdurekaHome - edureka123
[INFO ] 2019-12-25 23:07:07.731 [main] EdurekaHome - seleniumtester2019@outlook.com
[INFO ] 2019-12-25 23:07:14.086 [main] EdurekaHome - clicked on my profile name  
[INFO ] 2019-12-25 23:07:18.547 [main] EdurekaHome - selected My Profile
[INFO ] 2019-12-25 23:07:18.785 [main] EdurekaHome - clicked 'Edit profile' button
[INFO ] 2019-12-25 23:07:21.785 [main] EdurekaHome - located current role textbox and entered role 
[INFO ] 2019-12-25 23:09:09.182 [main] EdurekaHome - edureka123
[INFO ] 2019-12-25 23:09:09.430 [main] EdurekaHome - seleniumtester2019@outlook.com
[INFO ] 2019-12-25 23:10:56.529 [main] EdurekaHome - edureka123
[INFO ] 2019-12-25 23:10:56.854 [main] EdurekaHome - seleniumtester2019@outlook.com
[INFO ] 2019-12-25 23:11:04.803 [main] EdurekaHome - clicked on my profile name  
[INFO ] 2019-12-25 23:11:07.784 [main] EdurekaHome - selected My Profile
[INFO ] 2019-12-25 23:11:07.874 [main] EdurekaHome - clicked 'Edit profile' button
[INFO ] 2019-12-25 23:11:10.888 [main] EdurekaHome - located current role textbox and entered role 
[INFO ] 2019-12-25 23:12:21.586 [main] EdurekaHome - edureka123
[INFO ] 2019-12-25 23:12:21.828 [main] EdurekaHome - seleniumtester2019@outlook.com
[INFO ] 2019-12-25 23:12:30.378 [main] EdurekaHome - clicked on my profile name  
[INFO ] 2019-12-25 23:12:33.471 [main] EdurekaHome - selected My Profile
[INFO ] 2019-12-25 23:12:33.713 [main] EdurekaHome - clicked 'Edit profile' button
[INFO ] 2019-12-25 23:12:36.716 [main] EdurekaHome - located current role textbox and entered role 
[INFO ] 2019-12-26 06:49:01.494 [main] EdurekaHome - edureka123
[INFO ] 2019-12-26 06:49:01.812 [main] EdurekaHome - seleniumtester2019@outlook.com
[INFO ] 2019-12-26 06:50:16.310 [main] EdurekaHome - edureka123
[INFO ] 2019-12-26 06:50:16.559 [main] EdurekaHome - seleniumtester2019@outlook.com
[INFO ] 2019-12-26 06:50:23.631 [main] EdurekaHome - clicked on my profile name  
[INFO ] 2019-12-26 06:53:48.972 [main] EdurekaHome - edureka123
[INFO ] 2019-12-26 06:53:49.231 [main] EdurekaHome - seleniumtester2019@outlook.com
[INFO ] 2019-12-26 06:53:55.371 [main] EdurekaHome - clicked on my profile name  
[INFO ] 2019-12-26 06:53:58.049 [main] EdurekaHome - selected My Profile
[INFO ] 2019-12-26 06:53:58.388 [main] EdurekaHome - clicked 'Edit profile' button
[INFO ] 2019-12-26 07:01:29.803 [main] EdurekaHome - edureka123
[INFO ] 2019-12-26 07:01:30.060 [main] EdurekaHome - seleniumtester2019@outlook.com
[INFO ] 2019-12-26 07:01:36.492 [main] EdurekaHome - clicked on my profile name  
[INFO ] 2019-12-26 07:01:38.998 [main] EdurekaHome - selected My Profile
[INFO ] 2019-12-26 07:01:39.255 [main] EdurekaHome - clicked 'Edit profile' button
[INFO ] 2019-12-26 07:03:14.276 [main] EdurekaHome - edureka123
[INFO ] 2019-12-26 07:03:14.534 [main] EdurekaHome - seleniumtester2019@outlook.com
[INFO ] 2019-12-26 07:03:21.710 [main] EdurekaHome - clicked on my profile name  
[INFO ] 2019-12-26 07:03:24.124 [main] EdurekaHome - selected My Profile
[INFO ] 2019-12-26 07:03:24.356 [main] EdurekaHome - clicked 'Edit profile' button
[INFO ] 2019-12-26 07:03:24.357 [main] EdurekaHome - elements  found 
[INFO ] 2019-12-26 07:05:41.421 [main] EdurekaHome - edureka123
[INFO ] 2019-12-26 07:05:41.654 [main] EdurekaHome - seleniumtester2019@outlook.com
[INFO ] 2019-12-26 07:05:47.450 [main] EdurekaHome - clicked on my profile name  
[INFO ] 2019-12-26 07:05:50.092 [main] EdurekaHome - selected My Profile
[INFO ] 2019-12-26 07:05:50.335 [main] EdurekaHome - clicked 'Edit profile' button
[INFO ] 2019-12-26 07:05:50.335 [main] EdurekaHome - elements  found 
[INFO ] 2019-12-26 07:19:20.826 [main] EdurekaHome - edureka123
[INFO ] 2019-12-26 07:19:21.317 [main] EdurekaHome - seleniumtester2019@outlook.com
[INFO ] 2019-12-26 07:19:26.808 [main] EdurekaHome - clicked on my profile name  
[INFO ] 2019-12-26 07:19:29.166 [main] EdurekaHome - selected My Profile
[INFO ] 2019-12-26 07:19:29.523 [main] EdurekaHome - clicked 'Edit profile' button
[INFO ] 2019-12-26 07:19:29.664 [main] EdurekaHome - elements  found 
[INFO ] 2019-12-26 07:19:30.028 [main] EdurekaHome - located current role textbox and entered role 
[INFO ] 2019-12-26 07:19:30.162 [main] EdurekaHome - updated experience to 0-2 years 
[INFO ] 2019-12-26 07:20:29.281 [main] EdurekaHome - edureka123
[INFO ] 2019-12-26 07:20:29.524 [main] EdurekaHome - seleniumtester2019@outlook.com
[INFO ] 2019-12-26 07:20:35.887 [main] EdurekaHome - clicked on my profile name  
[INFO ] 2019-12-26 07:20:38.203 [main] EdurekaHome - selected My Profile
[INFO ] 2019-12-26 07:20:38.528 [main] EdurekaHome - clicked 'Edit profile' button
[INFO ] 2019-12-26 07:20:41.897 [main] EdurekaHome - elements  found 
[INFO ] 2019-12-26 07:20:42.261 [main] EdurekaHome - located current role textbox and entered role 
[INFO ] 2019-12-26 07:20:42.405 [main] EdurekaHome - updated experience to 0-2 years 
[INFO ] 2019-12-26 07:25:17.556 [main] EdurekaHome - edureka123
[INFO ] 2019-12-26 07:25:17.776 [main] EdurekaHome - seleniumtester2019@outlook.com
[INFO ] 2019-12-26 07:25:23.981 [main] EdurekaHome - clicked on my profile name  
[INFO ] 2019-12-26 07:25:26.353 [main] EdurekaHome - selected My Profile
[INFO ] 2019-12-26 07:25:26.791 [main] EdurekaHome - clicked 'Edit profile' button
[INFO ] 2019-12-26 07:25:30.206 [main] EdurekaHome - elements  found 
[INFO ] 2019-12-26 07:25:30.541 [main] EdurekaHome - located current role textbox and entered role 
[INFO ] 2019-12-26 07:25:30.676 [main] EdurekaHome - updated experience to 0-2 years 
[INFO ] 2019-12-26 07:29:56.701 [main] EdurekaHome - edureka123
[INFO ] 2019-12-26 07:29:56.985 [main] EdurekaHome - seleniumtester2019@outlook.com
[INFO ] 2019-12-26 07:30:03.328 [main] EdurekaHome - clicked on my profile name  
[INFO ] 2019-12-26 07:30:05.866 [main] EdurekaHome - selected My Profile
[INFO ] 2019-12-26 07:30:06.112 [main] EdurekaHome - clicked 'Edit profile' button
[INFO ] 2019-12-26 07:30:09.489 [main] EdurekaHome - elements  found 
[INFO ] 2019-12-26 07:30:10.033 [main] EdurekaHome - located current role textbox and entered role 
[INFO ] 2019-12-26 07:30:10.182 [main] EdurekaHome - updated experience to 0-2 years 
[INFO ] 2019-12-26 07:37:56.250 [main] EdurekaHome - edureka123
[INFO ] 2019-12-26 07:37:56.508 [main] EdurekaHome - seleniumtester2019@outlook.com
[INFO ] 2019-12-26 07:38:02.702 [main] EdurekaHome - clicked on my profile name  
[INFO ] 2019-12-26 07:38:04.980 [main] EdurekaHome - selected My Profile
[INFO ] 2019-12-26 07:38:05.299 [main] EdurekaHome - clicked 'Edit profile' button
[INFO ] 2019-12-26 07:38:08.675 [main] EdurekaHome - elements  found 
[INFO ] 2019-12-26 07:38:09.177 [main] EdurekaHome - located current role textbox and entered role 
[INFO ] 2019-12-26 07:38:09.314 [main] EdurekaHome - updated experience to 0-2 years 
[INFO ] 2019-12-26 08:04:07.449 [main] EdurekaHome - Andal@16
[INFO ] 2019-12-26 08:04:07.705 [main] EdurekaHome - sud.v@hotmail.com
[INFO ] 2019-12-26 08:42:07.252 [main] EdurekaHome - Andal@16
[INFO ] 2019-12-26 08:42:07.517 [main] EdurekaHome - sud.v@hotmail.com
[INFO ] 2019-12-26 08:42:12.709 [main] EdurekaHome - clicked on my profile name  
[INFO ] 2019-12-26 08:42:13.098 [main] EdurekaHome - selected My Profile
[INFO ] 2019-12-26 08:42:13.469 [main] EdurekaHome - clicked 'Edit profile' button
[INFO ] 2019-12-26 08:42:16.589 [main] EdurekaHome - elements  found 
[INFO ] 2019-12-26 08:42:17.139 [main] EdurekaHome - located current role textbox and entered role 
[INFO ] 2019-12-26 08:42:17.319 [main] EdurekaHome - updated experience to 0-2 years 
[INFO ] 2019-12-26 08:46:53.300 [main] EdurekaHome - Andal@16
[INFO ] 2019-12-26 08:46:53.573 [main] EdurekaHome - sud.v@hotmail.com
[INFO ] 2019-12-26 08:46:58.466 [main] EdurekaHome - clicked on my profile name  
[INFO ] 2019-12-26 08:46:58.848 [main] EdurekaHome - selected My Profile
[INFO ] 2019-12-26 08:46:59.175 [main] EdurekaHome - clicked 'Edit profile' button
[INFO ] 2019-12-26 08:47:02.611 [main] EdurekaHome - elements  found 
[INFO ] 2019-12-26 08:47:02.700 [main] EdurekaHome - cleared textbox 
[INFO ] 2019-12-26 08:47:03.125 [main] EdurekaHome - located current role textbox and entered role 
[INFO ] 2019-12-26 08:47:03.210 [main] EdurekaHome - updated experience to 0-2 years 
[INFO ] 2019-12-26 08:58:31.794 [main] EdurekaHome - Andal@16
[INFO ] 2019-12-26 08:58:32.093 [main] EdurekaHome - sud.v@hotmail.com
[INFO ] 2019-12-26 08:58:36.794 [main] EdurekaHome - clicked on my profile name  
[INFO ] 2019-12-26 08:58:37.146 [main] EdurekaHome - selected My Profile
[INFO ] 2019-12-26 08:58:37.507 [main] EdurekaHome - clicked 'Edit profile' button
[INFO ] 2019-12-26 08:58:40.471 [main] EdurekaHome - elements  found 
[INFO ] 2019-12-26 08:58:40.557 [main] EdurekaHome - cleared textbox 
[INFO ] 2019-12-26 08:58:41.088 [main] EdurekaHome - located current role textbox and entered role 
[INFO ] 2019-12-26 08:58:41.194 [main] EdurekaHome - updated experience to 0-2 years 
[INFO ] 2019-12-26 08:58:45.629 [main] EdurekaHome - changes saved message dispayed 
[INFO ] 2019-12-26 08:58:45.718 [main] EdurekaHome - continue button clicked 
[INFO ] 2019-12-26 09:05:38.754 [main] EdurekaHome - Andal@16
[INFO ] 2019-12-26 09:05:39.028 [main] EdurekaHome - sud.v@hotmail.com
[INFO ] 2019-12-26 09:06:11.724 [main] EdurekaHome - Andal@16
[INFO ] 2019-12-26 09:06:12.053 [main] EdurekaHome - sud.v@hotmail.com
[INFO ] 2019-12-26 09:06:39.622 [main] EdurekaHome - Andal@16
[INFO ] 2019-12-26 09:06:39.902 [main] EdurekaHome - sud.v@hotmail.com
[INFO ] 2019-12-26 09:06:44.765 [main] EdurekaHome - clicked on my profile name  
[INFO ] 2019-12-26 09:06:45.177 [main] EdurekaHome - selected My Profile
[INFO ] 2019-12-26 09:06:45.601 [main] EdurekaHome - clicked 'Edit profile' button
[INFO ] 2019-12-26 09:06:48.600 [main] EdurekaHome - elements  found 
[INFO ] 2019-12-26 09:06:48.710 [main] EdurekaHome - cleared textbox 
[INFO ] 2019-12-26 09:06:49.261 [main] EdurekaHome - located current role textbox and entered role 
[INFO ] 2019-12-26 09:06:49.369 [main] EdurekaHome - updated experience to 0-2 years 
[INFO ] 2019-12-26 09:06:53.744 [main] EdurekaHome - changes saved message dispayed 
[INFO ] 2019-12-26 09:06:53.828 [main] EdurekaHome - continue button clicked 
[INFO ] 2019-12-26 09:19:43.492 [main] EdurekaHome - Andal@16
[INFO ] 2019-12-26 09:19:43.750 [main] EdurekaHome - sud.v@hotmail.com
[INFO ] 2019-12-26 09:19:48.578 [main] EdurekaHome - clicked on my profile name  
[INFO ] 2019-12-26 09:19:48.950 [main] EdurekaHome - selected My Profile
[INFO ] 2019-12-26 09:19:49.315 [main] EdurekaHome - clicked 'Edit profile' button
[INFO ] 2019-12-26 09:19:52.342 [main] EdurekaHome - elements  found 
[INFO ] 2019-12-26 09:19:52.445 [main] EdurekaHome - cleared textbox 
[INFO ] 2019-12-26 09:19:52.989 [main] EdurekaHome - located current role textbox and entered role 
[INFO ] 2019-12-26 09:19:53.081 [main] EdurekaHome - updated experience to 0-2 years 
[INFO ] 2019-12-26 09:19:57.513 [main] EdurekaHome - changes saved message dispayed 
[INFO ] 2019-12-26 09:19:57.607 [main] EdurekaHome - continue button clicked 
[INFO ] 2019-12-26 09:19:57.963 [main] EdurekaHome - continue button clicked --again 
[INFO ] 2019-12-26 09:21:15.384 [main] EdurekaHome - Andal@16
[INFO ] 2019-12-26 09:21:15.622 [main] EdurekaHome - sud.v@hotmail.com
[INFO ] 2019-12-26 09:21:19.923 [main] EdurekaHome - clicked on my profile name  
[INFO ] 2019-12-26 09:21:20.300 [main] EdurekaHome - selected My Profile
[INFO ] 2019-12-26 09:21:20.630 [main] EdurekaHome - clicked 'Edit profile' button
[INFO ] 2019-12-26 09:21:23.655 [main] EdurekaHome - elements  found 
[INFO ] 2019-12-26 09:21:23.738 [main] EdurekaHome - cleared textbox 
[INFO ] 2019-12-26 09:21:24.273 [main] EdurekaHome - located current role textbox and entered role 
[INFO ] 2019-12-26 09:21:24.372 [main] EdurekaHome - updated experience to 0-2 years 
[INFO ] 2019-12-26 09:21:28.797 [main] EdurekaHome - changes saved message dispayed 
[INFO ] 2019-12-26 09:21:28.876 [main] EdurekaHome - continue button clicked 
[INFO ] 2019-12-26 09:21:29.253 [main] EdurekaHome - continue button clicked --again 
[INFO ] 2019-12-26 09:21:29.532 [main] EdurekaHome - skip button clicked  
[INFO ] 2019-12-26 12:01:21.540 [main] EdurekaHome - Andal@16
[INFO ] 2019-12-26 12:01:21.815 [main] EdurekaHome - sud.v@hotmail.com
[INFO ] 2019-12-26 12:01:25.894 [main] EdurekaHome - clicked on my profile name  
[INFO ] 2019-12-26 12:01:26.209 [main] EdurekaHome - selected My Profile
[INFO ] 2019-12-26 12:01:26.532 [main] EdurekaHome - clicked 'Edit profile' button
[INFO ] 2019-12-26 12:01:29.878 [main] EdurekaHome - elements  found 
[INFO ] 2019-12-26 12:01:29.957 [main] EdurekaHome - cleared textbox 
[INFO ] 2019-12-26 12:01:30.343 [main] EdurekaHome - located current role textbox and entered role 
[INFO ] 2019-12-26 12:01:30.430 [main] EdurekaHome - updated experience to 0-2 years 
[INFO ] 2019-12-26 12:01:35.000 [main] EdurekaHome - changes saved message dispayed 
[INFO ] 2019-12-26 12:01:35.066 [main] EdurekaHome - continue button clicked 
[INFO ] 2019-12-26 12:01:35.291 [main] EdurekaHome - continue button clicked --again 
[INFO ] 2019-12-26 12:01:35.506 [main] EdurekaHome - skip button clicked  
[INFO ] 2019-12-26 23:37:53.606 [main] EdurekaHome - Andal@16
[INFO ] 2019-12-26 23:37:53.821 [main] EdurekaHome - sud.v@hotmail.com
[INFO ] 2019-12-26 23:37:58.560 [main] EdurekaHome - clicked on my profile name  
[INFO ] 2019-12-26 23:37:59.031 [main] EdurekaHome - selected My Profile
[INFO ] 2019-12-26 23:37:59.342 [main] EdurekaHome - clicked 'Edit profile' button
[INFO ] 2019-12-26 23:38:02.774 [main] EdurekaHome - elements  found 
[INFO ] 2019-12-26 23:38:02.854 [main] EdurekaHome - cleared textbox 
[INFO ] 2019-12-26 23:38:03.384 [main] EdurekaHome - located current role textbox and entered role 
[INFO ] 2019-12-26 23:38:03.467 [main] EdurekaHome - updated experience to 0-2 years 
[INFO ] 2019-12-26 23:38:07.890 [main] EdurekaHome - changes saved message dispayed 
[INFO ] 2019-12-26 23:38:07.960 [main] EdurekaHome - continue button clicked 
[INFO ] 2019-12-26 23:38:08.406 [main] EdurekaHome - continue button clicked --again 
[INFO ] 2019-12-26 23:38:08.666 [main] EdurekaHome - skip button clicked  
[INFO ] 2019-12-26 23:38:08.856 [main] EdurekaHome - updated current company name  
[INFO ] 2019-12-26 23:45:15.147 [main] EdurekaHome - Andal@16
[INFO ] 2019-12-26 23:45:15.414 [main] EdurekaHome - sud.v@hotmail.com
[INFO ] 2019-12-26 23:45:20.829 [main] EdurekaHome - clicked on my profile name  
[INFO ] 2019-12-26 23:45:21.172 [main] EdurekaHome - selected My Profile
[INFO ] 2019-12-26 23:45:21.501 [main] EdurekaHome - clicked 'Edit profile' button
[INFO ] 2019-12-26 23:45:24.937 [main] EdurekaHome - elements  found 
[INFO ] 2019-12-26 23:45:25.018 [main] EdurekaHome - cleared textbox 
[INFO ] 2019-12-26 23:45:25.557 [main] EdurekaHome - located current role textbox and entered role 
[INFO ] 2019-12-26 23:45:25.631 [main] EdurekaHome - updated experience to 0-2 years 
[INFO ] 2019-12-26 23:45:30.068 [main] EdurekaHome - changes saved message dispayed 
[INFO ] 2019-12-26 23:45:30.139 [main] EdurekaHome - continue button clicked 
[INFO ] 2019-12-26 23:45:30.502 [main] EdurekaHome - continue button clicked --again 
[INFO ] 2019-12-26 23:45:30.746 [main] EdurekaHome - skip button clicked  
[INFO ] 2019-12-26 23:45:30.950 [main] EdurekaHome - updated current company name  
[INFO ] 2019-12-26 23:45:36.000 [main] EdurekaHome - changes saved message dispayed 
[INFO ] 2019-12-26 23:48:26.518 [main] EdurekaHome - Andal@16
[INFO ] 2019-12-26 23:48:26.817 [main] EdurekaHome - sud.v@hotmail.com
[INFO ] 2019-12-26 23:48:31.193 [main] EdurekaHome - clicked on my profile name  
[INFO ] 2019-12-26 23:48:31.616 [main] EdurekaHome - selected My Profile
[INFO ] 2019-12-26 23:48:31.926 [main] EdurekaHome - clicked 'Edit profile' button
[INFO ] 2019-12-26 23:48:35.276 [main] EdurekaHome - elements  found 
[INFO ] 2019-12-26 23:48:35.347 [main] EdurekaHome - cleared textbox 
[INFO ] 2019-12-26 23:48:35.878 [main] EdurekaHome - located current role textbox and entered role 
[INFO ] 2019-12-26 23:48:35.978 [main] EdurekaHome - updated experience to 0-2 years 
[INFO ] 2019-12-26 23:48:40.382 [main] EdurekaHome - changes saved message dispayed 
[INFO ] 2019-12-26 23:48:40.463 [main] EdurekaHome - continue button clicked 
[INFO ] 2019-12-26 23:48:40.835 [main] EdurekaHome - continue button clicked --again 
[INFO ] 2019-12-26 23:48:41.100 [main] EdurekaHome - skip button clicked  
[INFO ] 2019-12-26 23:48:41.297 [main] EdurekaHome - updated current company name  
[INFO ] 2019-12-26 23:48:46.357 [main] EdurekaHome - changes saved message dispayed 
[INFO ] 2019-12-26 23:53:13.218 [main] EdurekaHome - Andal@16
[INFO ] 2019-12-26 23:53:13.478 [main] EdurekaHome - sud.v@hotmail.com
[INFO ] 2019-12-26 23:53:18.518 [main] EdurekaHome - clicked on my profile name  
[INFO ] 2019-12-26 23:53:18.887 [main] EdurekaHome - selected My Profile
[INFO ] 2019-12-26 23:53:19.191 [main] EdurekaHome - clicked 'Edit profile' button
[INFO ] 2019-12-26 23:53:22.574 [main] EdurekaHome - elements  found 
[INFO ] 2019-12-26 23:53:22.641 [main] EdurekaHome - cleared textbox 
[INFO ] 2019-12-26 23:53:23.139 [main] EdurekaHome - located current role textbox and entered role 
[INFO ] 2019-12-26 23:53:23.213 [main] EdurekaHome - updated experience to 0-2 years 
[INFO ] 2019-12-26 23:53:27.677 [main] EdurekaHome - changes saved message dispayed 
[INFO ] 2019-12-26 23:53:27.745 [main] EdurekaHome - continue button clicked 
[INFO ] 2019-12-26 23:53:28.121 [main] EdurekaHome - continue button clicked --again 
[INFO ] 2019-12-26 23:53:28.434 [main] EdurekaHome - skip button clicked  
[INFO ] 2019-12-26 23:53:28.654 [main] EdurekaHome - updated current company name  
[INFO ] 2019-12-26 23:53:33.724 [main] EdurekaHome - changes saved message dispayed 
[INFO ] 2019-12-26 23:53:33.829 [main] EdurekaHome - updated current idustry sector
[INFO ] 2019-12-26 23:53:39.301 [main] EdurekaHome - updated linkedin profile 
[INFO ] 2019-12-26 23:53:39.864 [main] EdurekaHome - updated skill set
[INFO ] 2019-12-26 23:59:15.136 [main] EdurekaHome - Andal@16
[INFO ] 2019-12-26 23:59:15.382 [main] EdurekaHome - sud.v@hotmail.com
[INFO ] 2019-12-26 23:59:20.258 [main] EdurekaHome - clicked on my profile name  
[INFO ] 2019-12-26 23:59:20.607 [main] EdurekaHome - selected My Profile
[INFO ] 2019-12-26 23:59:20.965 [main] EdurekaHome - clicked 'Edit profile' button
[INFO ] 2019-12-26 23:59:24.792 [main] EdurekaHome - elements  found 
[INFO ] 2019-12-26 23:59:26.717 [main] EdurekaHome - cleared textbox 
[INFO ] 2019-12-26 23:59:29.071 [main] EdurekaHome - located current role textbox and entered role 
[INFO ] 2019-12-26 23:59:29.969 [main] EdurekaHome - updated experience to 0-2 years 
[INFO ] 2019-12-26 23:59:31.945 [main] EdurekaHome - changes saved message dispayed 
[INFO ] 2019-12-26 23:59:32.667 [main] EdurekaHome - continue button clicked 
[INFO ] 2019-12-26 23:59:34.693 [main] EdurekaHome - continue button clicked --again 
[INFO ] 2019-12-26 23:59:35.614 [main] EdurekaHome - skip button clicked  
[INFO ] 2019-12-26 23:59:36.696 [main] EdurekaHome - updated current company name  
[INFO ] 2019-12-26 23:59:41.811 [main] EdurekaHome - changes saved message dispayed 
[INFO ] 2019-12-27 00:02:19.877 [main] EdurekaHome - Andal@16
[INFO ] 2019-12-27 00:02:20.182 [main] EdurekaHome - sud.v@hotmail.com
[INFO ] 2019-12-27 00:02:25.072 [main] EdurekaHome - clicked on my profile name  
[INFO ] 2019-12-27 00:02:25.271 [main] EdurekaHome - selected My Profile
[INFO ] 2019-12-27 00:02:25.718 [main] EdurekaHome - clicked 'Edit profile' button
[INFO ] 2019-12-27 00:02:28.958 [main] EdurekaHome - elements  found 
[INFO ] 2019-12-27 00:02:29.050 [main] EdurekaHome - cleared textbox 
[INFO ] 2019-12-27 00:02:29.529 [main] EdurekaHome - located current role textbox and entered role 
[INFO ] 2019-12-27 00:02:29.641 [main] EdurekaHome - updated experience to 0-2 years 
[INFO ] 2019-12-27 00:02:34.152 [main] EdurekaHome - changes saved message dispayed 
[INFO ] 2019-12-27 00:02:34.334 [main] EdurekaHome - continue button clicked 
[INFO ] 2019-12-27 00:02:34.979 [main] EdurekaHome - continue button clicked --again 
[INFO ] 2019-12-27 00:02:35.210 [main] EdurekaHome - skip button clicked  
[INFO ] 2019-12-27 00:02:35.439 [main] EdurekaHome - updated current company name  
[INFO ] 2019-12-27 00:02:40.560 [main] EdurekaHome - changes saved message dispayed 
[INFO ] 2019-12-27 00:02:40.786 [main] EdurekaHome - updated current job level
[INFO ] 2019-12-27 00:02:46.013 [main] EdurekaHome - updated current idustry sector
[INFO ] 2019-12-27 00:02:51.684 [main] EdurekaHome - updated linkedin profile 
[INFO ] 2019-12-27 00:02:52.299 [main] EdurekaHome - updated skill set
[INFO ] 2019-12-27 00:13:57.970 [main] EdurekaHome - Andal@16
[INFO ] 2019-12-27 00:13:58.212 [main] EdurekaHome - sud.v@hotmail.com
[INFO ] 2019-12-27 00:14:03.767 [main] EdurekaHome - clicked on my profile name  
[INFO ] 2019-12-27 00:14:04.135 [main] EdurekaHome - selected My Profile
[INFO ] 2019-12-27 00:14:04.462 [main] EdurekaHome - clicked 'Edit profile' button
[INFO ] 2019-12-27 00:14:07.504 [main] EdurekaHome - elements  found 
[INFO ] 2019-12-27 00:14:07.698 [main] EdurekaHome - cleared textbox 
[INFO ] 2019-12-27 00:14:08.265 [main] EdurekaHome - located current role textbox and entered role 
[INFO ] 2019-12-27 00:14:08.369 [main] EdurekaHome - updated experience to 0-2 years 
[INFO ] 2019-12-27 00:14:12.721 [main] EdurekaHome - changes saved message dispayed 
[INFO ] 2019-12-27 00:14:12.806 [main] EdurekaHome - continue button clicked 
[INFO ] 2019-12-27 00:14:13.300 [main] EdurekaHome - continue button clicked --again 
[INFO ] 2019-12-27 00:14:13.564 [main] EdurekaHome - skip button clicked  
[INFO ] 2019-12-27 00:14:13.806 [main] EdurekaHome - updated current company name  
[INFO ] 2019-12-27 00:14:18.937 [main] EdurekaHome - changes saved message dispayed 
[INFO ] 2019-12-27 00:14:19.031 [main] EdurekaHome - updated current job level
[INFO ] 2019-12-27 00:14:19.164 [main] EdurekaHome - updated current idustry sector
[INFO ] 2019-12-27 00:14:19.684 [main] EdurekaHome - updated linkedin profile 
[INFO ] 2019-12-27 00:14:40.925 [main] EdurekaHome - updated skill set
[INFO ] 2019-12-27 00:14:56.199 [main] EdurekaHome - switched to iframe
[INFO ] 2019-12-27 00:17:23.277 [main] EdurekaHome - Andal@16
[INFO ] 2019-12-27 00:17:23.638 [main] EdurekaHome - sud.v@hotmail.com
[INFO ] 2019-12-27 00:17:28.939 [main] EdurekaHome - clicked on my profile name  
[INFO ] 2019-12-27 00:17:29.548 [main] EdurekaHome - selected My Profile
[INFO ] 2019-12-27 00:17:29.882 [main] EdurekaHome - clicked 'Edit profile' button
[INFO ] 2019-12-27 00:17:32.975 [main] EdurekaHome - elements  found 
[INFO ] 2019-12-27 00:17:33.063 [main] EdurekaHome - cleared textbox 
[INFO ] 2019-12-27 00:17:33.559 [main] EdurekaHome - located current role textbox and entered role 
[INFO ] 2019-12-27 00:17:33.685 [main] EdurekaHome - updated experience to 0-2 years 
[INFO ] 2019-12-27 00:17:38.155 [main] EdurekaHome - changes saved message dispayed 
[INFO ] 2019-12-27 00:17:38.254 [main] EdurekaHome - continue button clicked 
[INFO ] 2019-12-27 00:17:38.657 [main] EdurekaHome - continue button clicked --again 
[INFO ] 2019-12-27 00:17:39.024 [main] EdurekaHome - skip button clicked  
[INFO ] 2019-12-27 00:17:39.259 [main] EdurekaHome - updated current company name  
[INFO ] 2019-12-27 00:17:44.303 [main] EdurekaHome - changes saved message dispayed 
[INFO ] 2019-12-27 00:17:44.381 [main] EdurekaHome - updated current job level
[INFO ] 2019-12-27 00:17:44.510 [main] EdurekaHome - updated current idustry sector
[INFO ] 2019-12-27 00:17:45.109 [main] EdurekaHome - updated linkedin profile 
[INFO ] 2019-12-27 00:19:05.207 [main] EdurekaHome - Andal@16
[INFO ] 2019-12-27 00:19:05.479 [main] EdurekaHome - sud.v@hotmail.com
[INFO ] 2019-12-27 00:19:09.981 [main] EdurekaHome - clicked on my profile name  
[INFO ] 2019-12-27 00:19:10.460 [main] EdurekaHome - selected My Profile
[INFO ] 2019-12-27 00:19:10.945 [main] EdurekaHome - clicked 'Edit profile' button
[INFO ] 2019-12-27 00:19:14.276 [main] EdurekaHome - elements  found 
[INFO ] 2019-12-27 00:19:14.448 [main] EdurekaHome - cleared textbox 
[INFO ] 2019-12-27 00:19:15.000 [main] EdurekaHome - located current role textbox and entered role 
[INFO ] 2019-12-27 00:19:15.084 [main] EdurekaHome - updated experience to 0-2 years 
[INFO ] 2019-12-27 00:19:19.589 [main] EdurekaHome - changes saved message dispayed 
[INFO ] 2019-12-27 00:19:19.727 [main] EdurekaHome - continue button clicked 
[INFO ] 2019-12-27 00:19:20.076 [main] EdurekaHome - continue button clicked --again 
[INFO ] 2019-12-27 00:19:20.422 [main] EdurekaHome - skip button clicked  
[INFO ] 2019-12-27 00:19:20.666 [main] EdurekaHome - updated current company name  
[INFO ] 2019-12-27 00:19:25.782 [main] EdurekaHome - changes saved message dispayed 
[INFO ] 2019-12-27 00:19:25.873 [main] EdurekaHome - updated current job level
[INFO ] 2019-12-27 00:19:26.024 [main] EdurekaHome - updated current idustry sector
[INFO ] 2019-12-27 00:19:26.597 [main] EdurekaHome - updated linkedin profile 
[INFO ] 2019-12-27 00:22:39.759 [main] EdurekaHome - Andal@16
[INFO ] 2019-12-27 00:22:40.026 [main] EdurekaHome - sud.v@hotmail.com
[INFO ] 2019-12-27 00:22:47.421 [main] EdurekaHome - clicked on my profile name  
[INFO ] 2019-12-27 00:22:47.893 [main] EdurekaHome - selected My Profile
[INFO ] 2019-12-27 00:22:48.322 [main] EdurekaHome - clicked 'Edit profile' button
[INFO ] 2019-12-27 00:22:51.529 [main] EdurekaHome - elements  found 
[INFO ] 2019-12-27 00:22:51.729 [main] EdurekaHome - cleared textbox 
[INFO ] 2019-12-27 00:22:52.456 [main] EdurekaHome - located current role textbox and entered role 
[INFO ] 2019-12-27 00:22:52.603 [main] EdurekaHome - updated experience to 0-2 years 
[INFO ] 2019-12-27 00:22:56.844 [main] EdurekaHome - changes saved message dispayed 
[INFO ] 2019-12-27 00:22:56.982 [main] EdurekaHome - continue button clicked 
[INFO ] 2019-12-27 00:22:57.297 [main] EdurekaHome - continue button clicked --again 
[INFO ] 2019-12-27 00:22:57.596 [main] EdurekaHome - skip button clicked  
[INFO ] 2019-12-27 00:22:57.830 [main] EdurekaHome - updated current company name  
[INFO ] 2019-12-27 00:23:02.951 [main] EdurekaHome - changes saved message dispayed 
[INFO ] 2019-12-27 00:23:03.036 [main] EdurekaHome - updated current job level
[INFO ] 2019-12-27 00:23:03.166 [main] EdurekaHome - updated current idustry sector
[INFO ] 2019-12-27 00:23:03.728 [main] EdurekaHome - updated linkedin profile 
[INFO ] 2019-12-27 00:25:09.261 [main] EdurekaHome - Andal@16
[INFO ] 2019-12-27 00:25:09.564 [main] EdurekaHome - sud.v@hotmail.com
[INFO ] 2019-12-27 00:25:37.539 [main] EdurekaHome - Andal@16
[INFO ] 2019-12-27 00:25:38.206 [main] EdurekaHome - sud.v@hotmail.com
[INFO ] 2019-12-27 00:25:43.798 [main] EdurekaHome - clicked on my profile name  
[INFO ] 2019-12-27 00:25:44.375 [main] EdurekaHome - selected My Profile
[INFO ] 2019-12-27 00:25:44.613 [main] EdurekaHome - clicked 'Edit profile' button
[INFO ] 2019-12-27 00:25:47.889 [main] EdurekaHome - elements  found 
[INFO ] 2019-12-27 00:25:48.110 [main] EdurekaHome - cleared textbox 
[INFO ] 2019-12-27 00:25:48.750 [main] EdurekaHome - located current role textbox and entered role 
[INFO ] 2019-12-27 00:25:48.854 [main] EdurekaHome - updated experience to 0-2 years 
[INFO ] 2019-12-27 00:25:53.252 [main] EdurekaHome - changes saved message dispayed 
[INFO ] 2019-12-27 00:25:53.578 [main] EdurekaHome - continue button clicked 
[INFO ] 2019-12-27 00:25:54.314 [main] EdurekaHome - continue button clicked --again 
[INFO ] 2019-12-27 00:25:54.541 [main] EdurekaHome - skip button clicked  
[INFO ] 2019-12-27 00:25:54.770 [main] EdurekaHome - updated current company name  
[INFO ] 2019-12-27 00:25:59.913 [main] EdurekaHome - changes saved message dispayed 
[INFO ] 2019-12-27 00:26:00.043 [main] EdurekaHome - updated current job level
[INFO ] 2019-12-27 00:26:00.165 [main] EdurekaHome - updated current idustry sector
[INFO ] 2019-12-27 00:26:00.689 [main] EdurekaHome - updated linkedin profile 
[INFO ] 2019-12-27 00:26:01.247 [main] EdurekaHome - updated skill set
[INFO ] 2019-12-27 00:26:16.386 [main] EdurekaHome - switched to iframe
[INFO ] 2019-12-27 00:26:16.523 [main] EdurekaHome - clicked OK got it button
[INFO ] 2019-12-27 00:26:16.653 [main] EdurekaHome - clicked Next button
[INFO ] 2019-12-27 20:30:38.769 [main] EdurekaHome - Andal@16
[INFO ] 2019-12-27 20:30:39.174 [main] EdurekaHome - sud.v@hotmail.com
[INFO ] 2019-12-27 20:38:44.163 [main] EdurekaHome - Andal@16
[INFO ] 2019-12-27 20:38:44.475 [main] EdurekaHome - sud.v@hotmail.com
[INFO ] 2019-12-27 20:38:44.860 [main] EdurekaHome - next login button clicked
[INFO ] 2019-12-27 20:39:30.127 [main] EdurekaHome - Andal@16
[INFO ] 2019-12-27 20:39:30.502 [main] EdurekaHome - sud.v@hotmail.com
[INFO ] 2019-12-27 20:39:30.873 [main] EdurekaHome - next login button clicked
[INFO ] 2019-12-27 20:42:02.306 [main] EdurekaHome - Andal@16
[INFO ] 2019-12-27 20:42:02.642 [main] EdurekaHome - sud.v@hotmail.com
[INFO ] 2019-12-27 20:42:03.042 [main] EdurekaHome - next login button clicked
[INFO ] 2019-12-27 20:43:50.512 [main] EdurekaHome - Andal@16
[INFO ] 2019-12-27 20:43:50.748 [main] EdurekaHome - sud.v@hotmail.com
[INFO ] 2019-12-27 20:43:51.131 [main] EdurekaHome - next login button clicked
[INFO ] 2019-12-27 20:43:51.145 [main] EdurekaHome - Click on community menu
[INFO ] 2019-12-27 20:46:27.939 [main] EdurekaHome - Andal@16
[INFO ] 2019-12-27 20:46:28.265 [main] EdurekaHome - sud.v@hotmail.com
[INFO ] 2019-12-27 20:46:28.663 [main] EdurekaHome - next login button clicked
[INFO ] 2019-12-27 20:46:28.673 [main] EdurekaHome - Click on community menu
[INFO ] 2019-12-27 20:46:33.686 [main] EdurekaHome - going to check if this is a alert
[INFO ] 2019-12-27 20:46:56.218 [main] EdurekaHome - Andal@16
[INFO ] 2019-12-27 20:46:56.456 [main] EdurekaHome - sud.v@hotmail.com
[INFO ] 2019-12-27 20:46:56.802 [main] EdurekaHome - next login button clicked
[INFO ] 2019-12-27 20:46:56.819 [main] EdurekaHome - Click on community menu
[INFO ] 2019-12-27 20:47:11.003 [main] EdurekaHome - going to check if this is a alert
[INFO ] 2019-12-27 20:48:51.748 [main] EdurekaHome - Andal@16
[INFO ] 2019-12-27 20:48:52.031 [main] EdurekaHome - sud.v@hotmail.com
[INFO ] 2019-12-27 20:48:52.396 [main] EdurekaHome - next login button clicked
[INFO ] 2019-12-27 20:48:52.409 [main] EdurekaHome - Click on community menu
[INFO ] 2019-12-27 20:48:59.112 [main] EdurekaHome - Click on Blogs menu
[INFO ] 2019-12-27 20:48:59.112 [main] EdurekaHome - going to check if this is a alert
[INFO ] 2019-12-27 21:05:58.613 [main] EdurekaHome - Andal@16
[INFO ] 2019-12-27 21:05:58.887 [main] EdurekaHome - sud.v@hotmail.com
[INFO ] 2019-12-27 21:05:59.291 [main] EdurekaHome - next login button clicked
[INFO ] 2019-12-27 21:05:59.301 [main] EdurekaHome - Click on community menu
[INFO ] 2019-12-27 21:06:06.132 [main] EdurekaHome - Click on Blogs menu
[INFO ] 2019-12-27 21:06:06.133 [main] EdurekaHome - going to check if this is a alert
[INFO ] 2019-12-27 21:08:35.523 [main] EdurekaHome - Andal@16
[INFO ] 2019-12-27 21:08:35.922 [main] EdurekaHome - sud.v@hotmail.com
[INFO ] 2019-12-27 21:08:36.322 [main] EdurekaHome - next login button clicked
[INFO ] 2019-12-27 21:08:36.335 [main] EdurekaHome - Click on community menu
[INFO ] 2019-12-27 21:08:42.618 [main] EdurekaHome - Click on Blogs menu
[INFO ] 2019-12-27 21:08:42.635 [main] EdurekaHome - switched to pop up window
[INFO ] 2019-12-27 21:08:43.125 [main] EdurekaHome - switching to iframe
[INFO ] 2019-12-27 21:10:35.914 [main] EdurekaHome - Andal@16
[INFO ] 2019-12-27 21:10:36.225 [main] EdurekaHome - sud.v@hotmail.com
[INFO ] 2019-12-27 21:10:36.630 [main] EdurekaHome - next login button clicked
[INFO ] 2019-12-27 21:10:36.640 [main] EdurekaHome - Click on community menu
[INFO ] 2019-12-27 21:10:42.323 [main] EdurekaHome - Click on Blogs menu
[INFO ] 2019-12-27 21:10:42.337 [main] EdurekaHome - switched to pop up window
[INFO ] 2019-12-27 21:10:52.359 [main] EdurekaHome - exception encountered while switching to pop up window
[INFO ] 2019-12-27 21:11:20.803 [main] EdurekaHome - Andal@16
[INFO ] 2019-12-27 21:11:21.091 [main] EdurekaHome - sud.v@hotmail.com
[INFO ] 2019-12-27 21:11:21.477 [main] EdurekaHome - next login button clicked
[INFO ] 2019-12-27 21:11:21.485 [main] EdurekaHome - Click on community menu
[INFO ] 2019-12-27 21:11:23.276 [main] EdurekaHome - exception encountered while switching to pop up window
[INFO ] 2019-12-27 21:11:50.642 [main] EdurekaHome - Andal@16
[INFO ] 2019-12-27 21:11:50.951 [main] EdurekaHome - sud.v@hotmail.com
[INFO ] 2019-12-27 21:11:51.330 [main] EdurekaHome - next login button clicked
[INFO ] 2019-12-27 21:11:51.341 [main] EdurekaHome - Click on community menu
[INFO ] 2019-12-27 21:11:59.701 [main] EdurekaHome - Click on Blogs menu
[INFO ] 2019-12-27 21:11:59.741 [main] EdurekaHome - switched to pop up window
[INFO ] 2019-12-27 21:12:00.629 [main] EdurekaHome - clicked 'No thanks button in pop up window
[INFO ] 2019-12-27 21:12:00.703 [main] EdurekaHome - scrolled down to view software testing icon 
[INFO ] 2019-12-27 21:39:39.020 [main] EdurekaHome - Andal@16
[INFO ] 2019-12-27 21:39:39.316 [main] EdurekaHome - sud.v@hotmail.com
[INFO ] 2019-12-27 21:39:39.734 [main] EdurekaHome - next login button clicked
[INFO ] 2019-12-27 21:39:39.746 [main] EdurekaHome - Click on community menu
[INFO ] 2019-12-27 21:39:41.373 [main] EdurekaHome - exception encountered while switching to pop up window
[INFO ] 2019-12-27 21:40:03.805 [main] EdurekaHome - Andal@16
[INFO ] 2019-12-27 21:40:04.091 [main] EdurekaHome - sud.v@hotmail.com
[INFO ] 2019-12-27 21:40:04.499 [main] EdurekaHome - next login button clicked
[INFO ] 2019-12-27 21:40:04.508 [main] EdurekaHome - Click on community menu
[INFO ] 2019-12-27 21:40:13.320 [main] EdurekaHome - Click on Blogs menu
[INFO ] 2019-12-27 21:40:13.349 [main] EdurekaHome - switched to pop up window
[INFO ] 2019-12-27 21:40:13.456 [main] EdurekaHome - clicked 'No thanks button in pop up window
[INFO ] 2019-12-27 21:40:13.540 [main] EdurekaHome - scrolled down to view software testing icon 
[INFO ] 2019-12-27 21:43:31.510 [main] EdurekaHome - Andal@16
[INFO ] 2019-12-27 21:43:31.788 [main] EdurekaHome - sud.v@hotmail.com
[INFO ] 2019-12-27 21:43:32.181 [main] EdurekaHome - next login button clicked
[INFO ] 2019-12-27 21:43:32.193 [main] EdurekaHome - Click on community menu
[INFO ] 2019-12-27 21:43:42.222 [main] EdurekaHome - Click on Blogs menu
[INFO ] 2019-12-27 21:43:42.280 [main] EdurekaHome - switched to pop up window
[INFO ] 2019-12-27 21:43:42.447 [main] EdurekaHome - clicked 'No thanks button in pop up window
[INFO ] 2019-12-27 21:43:42.560 [main] EdurekaHome - scrolled down to view software testing icon 
[INFO ] 2019-12-27 21:43:43.793 [main] EdurekaHome - exception encountered while clicking Testing object
[INFO ] 2019-12-27 21:43:43.880 [main] EdurekaHome - error navigating to Testing blogs page
[INFO ] 2019-12-27 21:47:45.583 [main] EdurekaHome - Andal@16
[INFO ] 2019-12-27 21:47:45.852 [main] EdurekaHome - sud.v@hotmail.com
[INFO ] 2019-12-27 21:47:46.235 [main] EdurekaHome - next login button clicked
[INFO ] 2019-12-27 21:47:46.247 [main] EdurekaHome - Click on community menu
[INFO ] 2019-12-27 21:47:54.304 [main] EdurekaHome - Click on Blogs menu
[INFO ] 2019-12-27 21:47:54.343 [main] EdurekaHome - switched to pop up window
[INFO ] 2019-12-27 21:47:54.523 [main] EdurekaHome - clicked 'No thanks button in pop up window
[INFO ] 2019-12-27 21:47:54.604 [main] EdurekaHome - scrolled down to view software testing icon 
[INFO ] 2019-12-27 21:47:54.604 [main] EdurekaHome - clicked on the Testing object 
[INFO ] 2019-12-27 21:47:54.641 [main] EdurekaHome - error navigating to Testing blogs page
[INFO ] 2019-12-27 21:52:35.249 [main] EdurekaHome - Andal@16
[INFO ] 2019-12-27 21:52:35.525 [main] EdurekaHome - sud.v@hotmail.com
[INFO ] 2019-12-27 21:52:35.893 [main] EdurekaHome - next login button clicked
[INFO ] 2019-12-27 21:52:35.907 [main] EdurekaHome - Click on community menu
[INFO ] 2019-12-27 21:52:43.687 [main] EdurekaHome - Click on Blogs menu
[INFO ] 2019-12-27 21:52:43.703 [main] EdurekaHome - switched to pop up window
[INFO ] 2019-12-27 21:52:43.823 [main] EdurekaHome - clicked 'No thanks button in pop up window
[INFO ] 2019-12-27 21:52:43.877 [main] EdurekaHome - scrolled down to view software testing icon 
[INFO ] 2019-12-27 21:52:45.065 [main] EdurekaHome - exception encountered while clicking Testing object
[INFO ] 2019-12-27 21:52:45.075 [main] EdurekaHome - error navigating to Testing blogs page
[INFO ] 2019-12-27 21:54:40.509 [main] EdurekaHome - Andal@16
[INFO ] 2019-12-27 21:54:40.758 [main] EdurekaHome - sud.v@hotmail.com
[INFO ] 2019-12-27 21:54:41.304 [main] EdurekaHome - next login button clicked
[INFO ] 2019-12-27 21:54:41.318 [main] EdurekaHome - Click on community menu
[INFO ] 2019-12-27 21:54:48.914 [main] EdurekaHome - Click on Blogs menu
[INFO ] 2019-12-27 21:54:48.932 [main] EdurekaHome - switched to pop up window
[INFO ] 2019-12-27 21:54:49.561 [main] EdurekaHome - clicked 'No thanks button in pop up window
[INFO ] 2019-12-27 21:54:52.676 [main] EdurekaHome - clicked on the Testing object 
[INFO ] 2019-12-27 21:54:52.685 [main] EdurekaHome - navigated to the Testing blogs page
[INFO ] 2019-12-27 21:54:52.763 [main] EdurekaHome - scrolled down to view selenium interview Qs icon 
[INFO ] 2019-12-27 21:59:43.404 [main] EdurekaHome - Andal@16
[INFO ] 2019-12-27 21:59:43.774 [main] EdurekaHome - sud.v@hotmail.com
[INFO ] 2019-12-27 21:59:44.326 [main] EdurekaHome - next login button clicked
[INFO ] 2019-12-27 21:59:44.335 [main] EdurekaHome - Click on community menu
[INFO ] 2019-12-27 21:59:45.175 [main] EdurekaHome - exception encountered while switching to pop up window
[INFO ] 2019-12-27 21:59:45.191 [main] EdurekaHome - exception encountered while clicking Testing object
[INFO ] 2019-12-27 21:59:45.223 [main] EdurekaHome - exception encountered while navigating to testing blogs page
[INFO ] 2019-12-27 22:00:05.318 [main] EdurekaHome - exception encountered while navigating to testing blogs page
[INFO ] 2019-12-27 22:00:10.543 [main] EdurekaHome - Andal@16
[INFO ] 2019-12-27 22:00:10.845 [main] EdurekaHome - sud.v@hotmail.com
[INFO ] 2019-12-27 22:00:11.371 [main] EdurekaHome - next login button clicked
[INFO ] 2019-12-27 22:00:11.384 [main] EdurekaHome - Click on community menu
[INFO ] 2019-12-27 22:00:13.119 [main] EdurekaHome - exception encountered while switching to pop up window
[INFO ] 2019-12-27 22:00:13.127 [main] EdurekaHome - exception encountered while clicking Testing object
[INFO ] 2019-12-27 22:00:13.132 [main] EdurekaHome - exception encountered while navigating to testing blogs page
[INFO ] 2019-12-27 22:00:33.571 [main] EdurekaHome - exception encountered while navigating to testing blogs page
[INFO ] 2019-12-27 22:00:37.814 [main] EdurekaHome - Andal@16
[INFO ] 2019-12-27 22:00:38.182 [main] EdurekaHome - sud.v@hotmail.com
[INFO ] 2019-12-27 22:00:38.669 [main] EdurekaHome - next login button clicked
[INFO ] 2019-12-27 22:00:38.681 [main] EdurekaHome - Click on community menu
[INFO ] 2019-12-27 22:00:40.474 [main] EdurekaHome - exception encountered while switching to pop up window
[INFO ] 2019-12-27 22:00:40.488 [main] EdurekaHome - exception encountered while clicking Testing object
[INFO ] 2019-12-27 22:00:40.496 [main] EdurekaHome - exception encountered while navigating to testing blogs page
[INFO ] 2019-12-27 22:01:00.584 [main] EdurekaHome - exception encountered while navigating to testing blogs page
[INFO ] 2019-12-27 22:01:05.311 [main] EdurekaHome - Andal@16
[INFO ] 2019-12-27 22:01:05.601 [main] EdurekaHome - sud.v@hotmail.com
[INFO ] 2019-12-27 22:01:06.013 [main] EdurekaHome - next login button clicked
[INFO ] 2019-12-27 22:01:06.027 [main] EdurekaHome - Click on community menu
[INFO ] 2019-12-27 22:01:14.184 [main] EdurekaHome - Click on Blogs menu
[INFO ] 2019-12-27 22:01:14.203 [main] EdurekaHome - switched to pop up window
[INFO ] 2019-12-27 22:01:14.873 [main] EdurekaHome - clicked 'No thanks button in pop up window
[INFO ] 2019-12-27 22:01:18.139 [main] EdurekaHome - clicked on the Testing object 
[INFO ] 2019-12-27 22:01:18.152 [main] EdurekaHome - navigated to the Testing blogs page
[INFO ] 2019-12-27 22:01:18.260 [main] EdurekaHome - scrolled down to view selenium interview Qs icon 
[INFO ] 2019-12-27 22:01:19.333 [main] EdurekaHome - exception encountered while navigating to testing blogs page
[INFO ] 2019-12-27 22:03:16.025 [main] EdurekaHome - Andal@16
[INFO ] 2019-12-27 22:03:16.336 [main] EdurekaHome - sud.v@hotmail.com
[INFO ] 2019-12-27 22:03:16.733 [main] EdurekaHome - next login button clicked
[INFO ] 2019-12-27 22:03:16.744 [main] EdurekaHome - Click on community menu
[INFO ] 2019-12-27 22:03:17.985 [main] EdurekaHome - exception encountered while switching to pop up window
[INFO ] 2019-12-27 22:03:17.993 [main] EdurekaHome - exception encountered while clicking Testing object
[INFO ] 2019-12-27 22:03:18.027 [main] EdurekaHome - exception encountered while navigating to testing blogs page
[INFO ] 2019-12-27 22:03:38.499 [main] EdurekaHome - exception encountered while navigating to testing blogs page
[INFO ] 2019-12-27 22:03:41.765 [main] EdurekaHome - Andal@16
[INFO ] 2019-12-27 22:03:42.051 [main] EdurekaHome - sud.v@hotmail.com
[INFO ] 2019-12-27 22:03:42.476 [main] EdurekaHome - next login button clicked
[INFO ] 2019-12-27 22:03:42.489 [main] EdurekaHome - Click on community menu
[INFO ] 2019-12-27 22:03:50.997 [main] EdurekaHome - Click on Blogs menu
[INFO ] 2019-12-27 22:03:51.043 [main] EdurekaHome - switched to pop up window
[INFO ] 2019-12-27 22:03:51.174 [main] EdurekaHome - clicked 'No thanks button in pop up window
[INFO ] 2019-12-27 22:03:54.006 [main] EdurekaHome - clicked on the Testing object 
[INFO ] 2019-12-27 22:03:54.015 [main] EdurekaHome - navigated to the Testing blogs page
[INFO ] 2019-12-27 22:03:57.865 [main] EdurekaHome - clicked on the selenium interview Qs icon  
[INFO ] 2019-12-27 22:10:59.247 [main] EdurekaHome - Andal@16
[INFO ] 2019-12-27 22:10:59.605 [main] EdurekaHome - sud.v@hotmail.com
[INFO ] 2019-12-27 22:11:00.001 [main] EdurekaHome - next login button clicked
[INFO ] 2019-12-27 22:11:00.015 [main] EdurekaHome - Click on community menu
[INFO ] 2019-12-27 22:11:01.667 [main] EdurekaHome - exception encountered while switching to pop up window
[INFO ] 2019-12-27 22:11:01.675 [main] EdurekaHome - exception encountered while clicking Testing object
[INFO ] 2019-12-27 22:11:01.686 [main] EdurekaHome - exception encountered while navigating to testing blogs page
[INFO ] 2019-12-27 22:11:21.749 [main] EdurekaHome - exception encountered while navigating to testing blogs page
[INFO ] 2019-12-27 22:11:21.757 [main] EdurekaHome - exception encountered while scrolling down the selenium interview questions Blog
[INFO ] 2019-12-27 22:11:24.237 [main] EdurekaHome - Andal@16
[INFO ] 2019-12-27 22:11:24.488 [main] EdurekaHome - sud.v@hotmail.com
[INFO ] 2019-12-27 22:11:24.852 [main] EdurekaHome - next login button clicked
[INFO ] 2019-12-27 22:11:24.863 [main] EdurekaHome - Click on community menu
[INFO ] 2019-12-27 22:11:32.138 [main] EdurekaHome - Click on Blogs menu
[INFO ] 2019-12-27 22:11:32.152 [main] EdurekaHome - switched to pop up window
[INFO ] 2019-12-27 22:11:32.816 [main] EdurekaHome - clicked 'No thanks button in pop up window
[INFO ] 2019-12-27 22:11:35.961 [main] EdurekaHome - clicked on the Testing object 
[INFO ] 2019-12-27 22:11:35.970 [main] EdurekaHome - navigated to the Testing blogs page
[INFO ] 2019-12-27 22:11:39.031 [main] EdurekaHome - clicked on the selenium interview Qs icon  
[INFO ] 2019-12-27 22:11:39.155 [main] EdurekaHome - scrolled down the selenium interview questions Blog 
[INFO ] 2019-12-27 22:15:27.208 [main] EdurekaHome - Andal@16
[INFO ] 2019-12-27 22:15:27.520 [main] EdurekaHome - sud.v@hotmail.com
[INFO ] 2019-12-27 22:15:27.904 [main] EdurekaHome - next login button clicked
[INFO ] 2019-12-27 22:15:27.918 [main] EdurekaHome - Click on community menu
[INFO ] 2019-12-27 22:15:29.002 [main] EdurekaHome - exception encountered while switching to pop up window
[INFO ] 2019-12-27 22:15:29.011 [main] EdurekaHome - exception encountered while clicking Testing object
[INFO ] 2019-12-27 22:15:29.016 [main] EdurekaHome - exception encountered while navigating to testing blogs page
[INFO ] 2019-12-27 22:15:49.510 [main] EdurekaHome - exception encountered while navigating to testing blogs page
[INFO ] 2019-12-27 22:15:49.517 [main] EdurekaHome - exception encountered while scrolling down the selenium interview questions Blog
[INFO ] 2019-12-27 22:15:49.948 [main] EdurekaHome - Andal@16
[INFO ] 2019-12-27 22:15:50.273 [main] EdurekaHome - sud.v@hotmail.com
[INFO ] 2019-12-27 22:15:50.628 [main] EdurekaHome - next login button clicked
[INFO ] 2019-12-27 22:15:50.641 [main] EdurekaHome - Click on community menu
[INFO ] 2019-12-27 22:16:05.948 [main] EdurekaHome - switched to pop up window
[INFO ] 2019-12-27 22:16:15.357 [main] EdurekaHome - exception encountered while switching to pop up window
[INFO ] 2019-12-27 22:16:15.370 [main] EdurekaHome - exception encountered while clicking Testing object
[INFO ] 2019-12-27 22:16:15.388 [main] EdurekaHome - exception encountered while navigating to testing blogs page
[INFO ] 2019-12-27 22:16:35.436 [main] EdurekaHome - exception encountered while navigating to testing blogs page
[INFO ] 2019-12-27 22:16:35.449 [main] EdurekaHome - exception encountered while scrolling down the selenium interview questions Blog
[INFO ] 2019-12-27 22:16:40.208 [main] EdurekaHome - Andal@16
[INFO ] 2019-12-27 22:16:40.474 [main] EdurekaHome - sud.v@hotmail.com
[INFO ] 2019-12-27 22:16:40.920 [main] EdurekaHome - next login button clicked
[INFO ] 2019-12-27 22:16:40.931 [main] EdurekaHome - Click on community menu
[INFO ] 2019-12-27 22:16:47.729 [main] EdurekaHome - Click on Blogs menu
[INFO ] 2019-12-27 22:16:47.752 [main] EdurekaHome - switched to pop up window
[INFO ] 2019-12-27 22:16:47.903 [main] EdurekaHome - clicked 'No thanks button in pop up window
[INFO ] 2019-12-27 22:16:51.018 [main] EdurekaHome - clicked on the Testing object 
[INFO ] 2019-12-27 22:16:51.026 [main] EdurekaHome - navigated to the Testing blogs page
[INFO ] 2019-12-27 22:16:54.432 [main] EdurekaHome - clicked on the selenium interview Qs icon  
[INFO ] 2019-12-27 22:16:54.519 [main] EdurekaHome - scrolled down the selenium interview questions Blog 
[INFO ] 2019-12-27 22:17:45.811 [main] EdurekaHome - Andal@16
[INFO ] 2019-12-27 22:17:46.069 [main] EdurekaHome - sud.v@hotmail.com
[INFO ] 2019-12-27 22:17:46.465 [main] EdurekaHome - next login button clicked
[INFO ] 2019-12-27 22:17:46.478 [main] EdurekaHome - Click on community menu
[INFO ] 2019-12-27 22:17:54.283 [main] EdurekaHome - Click on Blogs menu
[INFO ] 2019-12-27 22:17:54.315 [main] EdurekaHome - switched to pop up window
[INFO ] 2019-12-27 22:17:55.130 [main] EdurekaHome - clicked 'No thanks button in pop up window
[INFO ] 2019-12-27 22:17:58.039 [main] EdurekaHome - clicked on the Testing object 
[INFO ] 2019-12-27 22:17:58.047 [main] EdurekaHome - navigated to the Testing blogs page
[INFO ] 2019-12-27 22:18:01.083 [main] EdurekaHome - clicked on the selenium interview Qs icon  
[INFO ] 2019-12-27 22:18:01.157 [main] EdurekaHome - scrolled down the selenium interview questions Blog 
[INFO ] 2019-12-27 22:18:05.372 [main] EdurekaHome - closed blogs
[INFO ] 2019-12-27 22:18:33.428 [main] EdurekaHome - Andal@16
[INFO ] 2019-12-27 22:18:33.742 [main] EdurekaHome - sud.v@hotmail.com
[INFO ] 2019-12-27 22:18:34.143 [main] EdurekaHome - next login button clicked
[INFO ] 2019-12-27 22:18:34.151 [main] EdurekaHome - Click on community menu
[INFO ] 2019-12-27 22:18:42.335 [main] EdurekaHome - Click on Blogs menu
[INFO ] 2019-12-27 22:18:42.351 [main] EdurekaHome - switched to pop up window
[INFO ] 2019-12-27 22:18:42.446 [main] EdurekaHome - clicked 'No thanks button in pop up window
[INFO ] 2019-12-27 22:18:45.069 [main] EdurekaHome - clicked on the Testing object 
[INFO ] 2019-12-27 22:18:45.075 [main] EdurekaHome - navigated to the Testing blogs page
[INFO ] 2019-12-27 22:18:48.671 [main] EdurekaHome - clicked on the selenium interview Qs icon  
[INFO ] 2019-12-27 22:18:48.755 [main] EdurekaHome - scrolled down the selenium interview questions Blog 
[INFO ] 2019-12-27 22:18:53.279 [main] EdurekaHome - closed blogs
[INFO ] 2019-12-27 22:20:26.806 [main] EdurekaHome - Andal@16
[INFO ] 2019-12-27 22:20:27.081 [main] EdurekaHome - sud.v@hotmail.com
[INFO ] 2019-12-27 22:20:27.454 [main] EdurekaHome - next login button clicked
[INFO ] 2019-12-27 22:20:27.461 [main] EdurekaHome - Click on community menu
[INFO ] 2019-12-27 22:20:29.116 [main] EdurekaHome - exception encountered while switching to pop up window
[INFO ] 2019-12-27 22:20:29.125 [main] EdurekaHome - exception encountered while clicking Testing object
[INFO ] 2019-12-27 22:20:29.131 [main] EdurekaHome - exception encountered while navigating to testing blogs page
[INFO ] 2019-12-27 22:20:49.611 [main] EdurekaHome - exception encountered while navigating to testing blogs page
[INFO ] 2019-12-27 22:20:49.617 [main] EdurekaHome - exception encountered while scrolling down the selenium interview questions Blog
[INFO ] 2019-12-27 22:20:51.576 [main] EdurekaHome - Andal@16
[INFO ] 2019-12-27 22:20:51.842 [main] EdurekaHome - sud.v@hotmail.com
[INFO ] 2019-12-27 22:20:52.192 [main] EdurekaHome - next login button clicked
[INFO ] 2019-12-27 22:20:52.205 [main] EdurekaHome - Click on community menu
[INFO ] 2019-12-27 22:20:59.245 [main] EdurekaHome - Click on Blogs menu
[INFO ] 2019-12-27 22:20:59.400 [main] EdurekaHome - switched to pop up window
[INFO ] 2019-12-27 22:20:59.678 [main] EdurekaHome - clicked 'No thanks button in pop up window
[INFO ] 2019-12-27 22:21:02.988 [main] EdurekaHome - clicked on the Testing object 
[INFO ] 2019-12-27 22:21:02.996 [main] EdurekaHome - navigated to the Testing blogs page
[INFO ] 2019-12-27 22:21:06.804 [main] EdurekaHome - clicked on the selenium interview Qs icon  
[INFO ] 2019-12-27 22:21:06.895 [main] EdurekaHome - scrolled down the selenium interview questions Blog 
[INFO ] 2019-12-27 22:21:11.435 [main] EdurekaHome - closed blogs
[INFO ] 2019-12-27 22:24:07.339 [main] EdurekaHome - Andal@16
[INFO ] 2019-12-27 22:24:07.627 [main] EdurekaHome - sud.v@hotmail.com
[INFO ] 2019-12-27 22:24:07.990 [main] EdurekaHome - next login button clicked
[INFO ] 2019-12-27 22:24:08.001 [main] EdurekaHome - Click on community menu
[INFO ] 2019-12-27 22:24:09.586 [main] EdurekaHome - exception encountered while switching to pop up window
[INFO ] 2019-12-27 22:24:09.592 [main] EdurekaHome - exception encountered while clicking Testing object
[INFO ] 2019-12-27 22:24:09.602 [main] EdurekaHome - exception encountered while navigating to testing blogs page
[INFO ] 2019-12-27 22:24:30.029 [main] EdurekaHome - exception encountered while navigating to testing blogs page
[INFO ] 2019-12-27 22:24:30.034 [main] EdurekaHome - exception encountered while scrolling down the selenium interview questions Blog
[INFO ] 2019-12-27 22:24:32.502 [main] EdurekaHome - Andal@16
[INFO ] 2019-12-27 22:24:32.782 [main] EdurekaHome - sud.v@hotmail.com
[INFO ] 2019-12-27 22:24:33.145 [main] EdurekaHome - next login button clicked
[INFO ] 2019-12-27 22:24:33.157 [main] EdurekaHome - Click on community menu
[INFO ] 2019-12-27 22:24:41.585 [main] EdurekaHome - Click on Blogs menu
[INFO ] 2019-12-27 22:24:41.610 [main] EdurekaHome - switched to pop up window
[INFO ] 2019-12-27 22:24:41.771 [main] EdurekaHome - clicked 'No thanks button in pop up window
[INFO ] 2019-12-27 22:24:45.065 [main] EdurekaHome - clicked on the Testing object 
[INFO ] 2019-12-27 22:24:45.073 [main] EdurekaHome - navigated to the Testing blogs page
[INFO ] 2019-12-27 22:24:51.791 [main] EdurekaHome - clicked on the selenium interview Qs icon  
[INFO ] 2019-12-27 22:24:51.850 [main] EdurekaHome - scrolled down the selenium interview questions Blog 
[INFO ] 2019-12-27 22:24:55.972 [main] EdurekaHome - closed blogs
